生成启动时间为 2017/12/8 19:28:19。
     1>项目“C:\Users\wxh2017\documents\visual studio 2015\Projects\mySEED\mySEED\mySEED.vcxproj”在节点 2 上(Build 个目标)。
     1>Link:
         F:\Program Files (x86)\Visual Studio2015\VC\bin\link.exe /ERRORREPORT:PROMPT /OUT:"C:\Users\wxh2017\documents\visual studio 2015\Projects\mySEED\Debug\mySEED.exe" /INCREMENTAL /NOLOGO freeglut.lib glew32.lib opencv_world310.lib opencv_world310d.lib kernel32.lib user32.lib gdi32.lib winspool.lib comdlg32.lib advapi32.lib shell32.lib ole32.lib oleaut32.lib uuid.lib odbc32.lib odbccp32.lib /MANIFEST /MANIFESTUAC:"level='asInvoker' uiAccess='false'" /manifest:embed /Debug /PDB:"C:\Users\wxh2017\documents\visual studio 2015\Projects\mySEED\Debug\mySEED.pdb" /SUBSYSTEM:CONSOLE /TLBID:1 /DYNAMICBASE /NXCOMPAT /IMPLIB:"C:\Users\wxh2017\documents\visual studio 2015\Projects\mySEED\Debug\mySEED.lib" /MACHINE:X86 Debug\EstimatePlane.obj
         Debug\Map.obj
         Debug\Matrix.obj
         Debug\PlaneProject.obj
         Debug\seeds2.obj
         Debug\superpixel_test.obj
     1>EstimatePlane.obj : error LNK2019: 无法解析的外部符号 _cvGet2D，该符号在函数 "private: void __thiscall EstimatePlane::disparityImageAssignment(struct _IplImage const *)" (?disparityImageAssignment@EstimatePlane@@AAEXPBU_IplImage@@@Z) 中被引用
     1>PlaneProject.obj : error LNK2001: 无法解析的外部符号 _cvGet2D
     1>seeds2.obj : error LNK2001: 无法解析的外部符号 _cvGet2D
     1>superpixel_test.obj : error LNK2001: 无法解析的外部符号 _cvGet2D
     1>EstimatePlane.obj : error LNK2019: 无法解析的外部符号 _cvSet2D，该符号在函数 "public: void __thiscall EstimatePlane::makeOutputImage(struct _IplImage *,struct _IplImage *)const " (?makeOutputImage@EstimatePlane@@QBEXPAU_IplImage@@0@Z) 中被引用
     1>superpixel_test.obj : error LNK2001: 无法解析的外部符号 _cvSet2D
     1>EstimatePlane.obj : error LNK2019: 无法解析的外部符号 _cvConvertScale，该符号在函数 "public: void __thiscall EstimatePlane::planeCompute(struct _IplImage *,int,unsigned int *,struct _IplImage *,struct _IplImage *)" (?planeCompute@EstimatePlane@@QAEXPAU_IplImage@@HPAI00@Z) 中被引用
     1>superpixel_test.obj : error LNK2019: 无法解析的外部符号 _cvCreateImage，该符号在函数 "void __cdecl SaveImage(unsigned int *,int const &,int const &,class std::basic_string<char,struct std::char_traits<char>,class std::allocator<char> > const &)" (?SaveImage@@YAXPAIABH1ABV?$basic_string@DU?$char_traits@D@std@@V?$allocator@D@2@@std@@@Z) 中被引用
     1>superpixel_test.obj : error LNK2019: 无法解析的外部符号 _cvCopy，该符号在函数 "void __cdecl makeSegmentBoundaryImage(struct _IplImage const *,struct _IplImage const *,class std::vector<class std::vector<int,class std::allocator<int> >,class std::allocator<class std::vector<int,class std::allocator<int> > > > &,struct _IplImage *)" (?makeSegmentBoundaryImage@@YAXPBU_IplImage@@0AAV?$vector@V?$vector@HV?$allocator@H@std@@@std@@V?$allocator@V?$vector@HV?$allocator@H@std@@@std@@@2@@std@@PAU1@@Z) 中被引用
     1>superpixel_test.obj : error LNK2019: 无法解析的外部符号 _cvLoadImage，该符号在函数 _main 中被引用
     1>superpixel_test.obj : error LNK2019: 无法解析的外部符号 _cvSaveImage，该符号在函数 "void __cdecl SaveImage(unsigned int *,int const &,int const &,class std::basic_string<char,struct std::char_traits<char>,class std::allocator<char> > const &)" (?SaveImage@@YAXPAIABH1ABV?$basic_string@DU?$char_traits@D@std@@V?$allocator@D@2@@std@@@Z) 中被引用
     1>D:\OpenCV\openGL\build\x64\lib\freeglut.lib : warning LNK4272: 库计算机类型“x64”与目标计算机类型“X86”冲突
     1>D:\OpenCV\openGL\build\x64\lib\glew32.lib : warning LNK4272: 库计算机类型“x64”与目标计算机类型“X86”冲突
     1>D:\OpenCV\openCV\opencv\build\x64\vc14\lib\opencv_world310.lib : warning LNK4272: 库计算机类型“x64”与目标计算机类型“X86”冲突
     1>D:\OpenCV\openCV\opencv\build\x64\vc14\lib\opencv_world310d.lib : warning LNK4272: 库计算机类型“x64”与目标计算机类型“X86”冲突
     1>C:\Users\wxh2017\documents\visual studio 2015\Projects\mySEED\Debug\mySEED.exe : fatal error LNK1120: 7 个无法解析的外部命令
     1>已完成生成项目“C:\Users\wxh2017\documents\visual studio 2015\Projects\mySEED\mySEED\mySEED.vcxproj”(Build 个目标)的操作 - 失败。

生成失败。

已用时间 00:00:00.41
